Using pre-set license
Built from '2021.3/staging' branch; Version is '2021.3.11f1 (0a5ca18544bf) revision 679073'; Using compiler version '192829333'; Build Type 'Release'
OS: 'Windows 11  (10.0.22000) 64bit Professional' Language: 'ru' Physical Memory: 15805 MB
BatchMode: 1, IsHumanControllingUs: 0, StartBugReporterOnCrash: 0, Is64bit: 1, IsPro: 1

COMMAND LINE ARGUMENTS:
C:\Program Files\Unity\Hub\Editor\2021.3.11f1\Editor\Unity.exe
-adb2
-batchMode
-noUpm
-name
AssetImportWorker0
-projectPath
C:/Users/Den/SkillBox_Cinemachine_26.5
-logFile
Logs/AssetImportWorker0.log
-srvPort
60527
Successfully changed project path to: C:/Users/Den/SkillBox_Cinemachine_26.5
C:/Users/Den/SkillBox_Cinemachine_26.5
[UnityMemory] Configuration Parameters - Can be set up in boot.config
    "memorysetup-bucket-allocator-granularity=16"
    "memorysetup-bucket-allocator-bucket-count=8"
    "memorysetup-bucket-allocator-block-size=33554432"
    "memorysetup-bucket-allocator-block-count=8"
    "memorysetup-main-allocator-block-size=16777216"
    "memorysetup-thread-allocator-block-size=16777216"
    "memorysetup-gfx-main-allocator-block-size=16777216"
    "memorysetup-gfx-thread-allocator-block-size=16777216"
    "memorysetup-cache-allocator-block-size=4194304"
    "memorysetup-typetree-allocator-block-size=2097152"
    "memorysetup-profiler-bucket-allocator-granularity=16"
    "memorysetup-profiler-bucket-allocator-bucket-count=8"
    "memorysetup-profiler-bucket-allocator-block-size=33554432"
    "memorysetup-profiler-bucket-allocator-block-count=8"
    "memorysetup-profiler-allocator-block-size=16777216"
    "memorysetup-profiler-editor-allocator-block-size=1048576"
    "memorysetup-temp-allocator-size-main=16777216"
    "memorysetup-job-temp-allocator-block-size=2097152"
    "memorysetup-job-temp-allocator-block-size-background=1048576"
    "memorysetup-job-temp-allocator-reduction-small-platforms=262144"
    "memorysetup-temp-allocator-size-background-worker=32768"
    "memorysetup-temp-allocator-size-job-worker=262144"
    "memorysetup-temp-allocator-size-preload-manager=33554432"
    "memorysetup-temp-allocator-size-nav-mesh-worker=65536"
    "memorysetup-temp-allocator-size-audio-worker=65536"
    "memorysetup-temp-allocator-size-cloud-worker=32768"
    "memorysetup-temp-allocator-size-gi-baking-worker=262144"
    "memorysetup-temp-allocator-size-gfx=262144"
Refreshing native plugins compatible for Editor in 183.85 ms, found 3 plugins.
Preloading 0 native plugins for Editor in 0.00 ms.
Initialize engine version: 2021.3.11f1 (0a5ca18544bf)
[Subsystems] Discovering subsystems at path C:/Program Files/Unity/Hub/Editor/2021.3.11f1/Editor/Data/Resources/UnitySubsystems
[Subsystems] Discovering subsystems at path C:/Users/Den/SkillBox_Cinemachine_26.5/Assets
GfxDevice: creating device client; threaded=0; jobified=0
Direct3D:
    Version:  Direct3D 11.0 [level 11.1]
    Renderer: NVIDIA GeForce GTX 1650 (ID=0x1f91)
    Vendor:   NVIDIA
    VRAM:     3949 MB
    Driver:   31.0.15.2756
Initialize mono
Mono path[0] = 'C:/Program Files/Unity/Hub/Editor/2021.3.11f1/Editor/Data/Managed'
Mono path[1] = 'C:/Program Files/Unity/Hub/Editor/2021.3.11f1/Editor/Data/MonoBleedingEdge/lib/mono/unityjit-win32'
Mono config path = 'C:/Program Files/Unity/Hub/Editor/2021.3.11f1/Editor/Data/MonoBleedingEdge/etc'
Using monoOptions --debugger-agent=transport=dt_socket,embedding=1,server=y,suspend=n,address=127.0.0.1:56872
Begin MonoManager ReloadAssembly
Registering precompiled unity dll's ...
Register platform support module: C:/Program Files/Unity/Hub/Editor/2021.3.11f1/Editor/Data/PlaybackEngines/AndroidPlayer/UnityEditor.Android.Extensions.dll
Register platform support module: C:/Program Files/Unity/Hub/Editor/2021.3.11f1/Editor/Data/PlaybackEngines/WindowsStandaloneSupport/UnityEditor.WindowsStandalone.Extensions.dll
Registered in 0.011548 seconds.
Native extension for WindowsStandalone target not found
Native extension for Android target not found
Refreshing native plugins compatible for Editor in 197.72 ms, found 3 plugins.
Preloading 0 native plugins for Editor in 0.00 ms.
Mono: successfully reloaded assembly
- Completed reload, in  1.256 seconds
Domain Reload Profiling:
	ReloadAssembly (1257ms)
		BeginReloadAssembly (121ms)
			ExecutionOrderSort (0ms)
			DisableScriptedObjects (0ms)
			BackupInstance (0ms)
			ReleaseScriptingObjects (0ms)
			CreateAndSetChildDomain (1ms)
		EndReloadAssembly (936ms)
			LoadAssemblies (117ms)
			RebuildTransferFunctionScriptingTraits (0ms)
			SetupTypeCache (200ms)
			ReleaseScriptCaches (0ms)
			RebuildScriptCaches (48ms)
			SetupLoadedEditorAssemblies (595ms)
				LogAssemblyErrors (0ms)
				InitializePlatformSupportModulesInManaged (100ms)
				SetLoadedEditorAssemblies (0ms)
				RefreshPlugins (198ms)
				BeforeProcessingInitializeOnLoad (2ms)
				ProcessInitializeOnLoadAttributes (201ms)
				ProcessInitializeOnLoadMethodAttributes (94ms)
				AfterProcessingInitializeOnLoad (0ms)
				EditorAssembliesLoaded (0ms)
			ExecutionOrderSort2 (0ms)
			AwakeInstancesAfterBackupRestoration (0ms)
Platform modules already initialized, skipping
Registering precompiled user dll's ...
Registered in 0.010117 seconds.
Begin MonoManager ReloadAssembly
Symbol file LoadedFromMemory doesn't match image C:\Users\Den\SkillBox_Cinemachine_26.5\Library\PackageCache\com.unity.visualscripting@1.7.8\Editor\VisualScripting.Core\Dependencies\YamlDotNet\Unity.VisualScripting.YamlDotNet.dll
Symbol file LoadedFromMemory doesn't match image C:\Users\Den\SkillBox_Cinemachine_26.5\Library\PackageCache\com.unity.visualscripting@1.7.8\Editor\VisualScripting.Core\Dependencies\DotNetZip\Unity.VisualScripting.IonicZip.dll
Native extension for WindowsStandalone target not found
Native extension for Android target not found
Refreshing native plugins compatible for Editor in 2.20 ms, found 3 plugins.
Preloading 0 native plugins for Editor in 0.00 ms.
Mono: successfully reloaded assembly
- Completed reload, in  2.039 seconds
Domain Reload Profiling:
	ReloadAssembly (2041ms)
		BeginReloadAssembly (307ms)
			ExecutionOrderSort (0ms)
			DisableScriptedObjects (11ms)
			BackupInstance (0ms)
			ReleaseScriptingObjects (0ms)
			CreateAndSetChildDomain (142ms)
		EndReloadAssembly (1507ms)
			LoadAssemblies (132ms)
			RebuildTransferFunctionScriptingTraits (0ms)
			SetupTypeCache (500ms)
			ReleaseScriptCaches (1ms)
			RebuildScriptCaches (116ms)
			SetupLoadedEditorAssemblies (682ms)
				LogAssemblyErrors (0ms)
				InitializePlatformSupportModulesInManaged (23ms)
				SetLoadedEditorAssemblies (1ms)
				RefreshPlugins (2ms)
				BeforeProcessingInitializeOnLoad (131ms)
				ProcessInitializeOnLoadAttributes (459ms)
				ProcessInitializeOnLoadMethodAttributes (53ms)
				AfterProcessingInitializeOnLoad (13ms)
				EditorAssembliesLoaded (0ms)
			ExecutionOrderSort2 (0ms)
			AwakeInstancesAfterBackupRestoration (10ms)
Platform modules already initialized, skipping
========================================================================
Worker process is ready to serve import requests
Launched and connected shader compiler UnityShaderCompiler.exe after 0.08 seconds
Refreshing native plugins compatible for Editor in 2.10 ms, found 3 plugins.
Preloading 0 native plugins for Editor in 0.00 ms.
Unloading 3462 Unused Serialized files (Serialized files now loaded: 0)
Unloading 27 unused Assets / (114.7 KB). Loaded Objects now: 3955.
Memory consumption went from 220.8 MB to 220.7 MB.
Total: 6.214200 ms (FindLiveObjects: 0.398200 ms CreateObjectMapping: 0.185200 ms MarkObjects: 5.414700 ms  DeleteObjects: 0.214400 ms)

AssetImportParameters requested are different than current active one (requested -> active):
  custom:video-decoder-ogg-theora: a1e56fd34408186e4bbccfd4996cb3dc -> 
  custom:container-muxer-webm: aa71ff27fc2769a1b78a27578f13a17b -> 
  custom:container-demuxer-webm: 4f35f7cbe854078d1ac9338744f61a02 -> 
  custom:video-encoder-webm-vp8: eb34c28f22e8b96e1ab97ce403110664 -> 
  custom:audio-encoder-webm-vorbis: bf7c407c2cedff20999df2af8eb42d56 -> 
  custom:framework-win-MediaFoundation: 216162199b28c13a410421893ffa2e32 -> 
  custom:container-demuxer-ogg: 62fdf1f143b41e24485cea50d1cbac27 -> 
  custom:video-decoder-webm-vp8: 9c59270c3fd7afecdb556c50c9e8de78 -> 
  custom:audio-decoder-ogg-vorbis: bf7c407c2cedff20999df2af8eb42d56 -> 
========================================================================
Received Prepare
Registering precompiled user dll's ...
Registered in 0.009235 seconds.
Begin MonoManager ReloadAssembly
Symbol file LoadedFromMemory doesn't match image C:\Users\Den\SkillBox_Cinemachine_26.5\Library\PackageCache\com.unity.visualscripting@1.7.8\Editor\VisualScripting.Core\Dependencies\YamlDotNet\Unity.VisualScripting.YamlDotNet.dll
Symbol file LoadedFromMemory doesn't match image C:\Users\Den\SkillBox_Cinemachine_26.5\Library\PackageCache\com.unity.visualscripting@1.7.8\Editor\VisualScripting.Core\Dependencies\DotNetZip\Unity.VisualScripting.IonicZip.dll
Native extension for WindowsStandalone target not found
Native extension for Android target not found
Refreshing native plugins compatible for Editor in 3.98 ms, found 3 plugins.
Preloading 0 native plugins for Editor in 0.00 ms.
Mono: successfully reloaded assembly
- Completed reload, in  2.403 seconds
Domain Reload Profiling:
	ReloadAssembly (2404ms)
		BeginReloadAssembly (280ms)
			ExecutionOrderSort (0ms)
			DisableScriptedObjects (12ms)
			BackupInstance (0ms)
			ReleaseScriptingObjects (0ms)
			CreateAndSetChildDomain (63ms)
		EndReloadAssembly (1902ms)
			LoadAssemblies (177ms)
			RebuildTransferFunctionScriptingTraits (0ms)
			SetupTypeCache (540ms)
			ReleaseScriptCaches (3ms)
			RebuildScriptCaches (102ms)
			SetupLoadedEditorAssemblies (954ms)
				LogAssemblyErrors (0ms)
				InitializePlatformSupportModulesInManaged (61ms)
				SetLoadedEditorAssemblies (1ms)
				RefreshPlugins (4ms)
				BeforeProcessingInitializeOnLoad (174ms)
				ProcessInitializeOnLoadAttributes (616ms)
				ProcessInitializeOnLoadMethodAttributes (76ms)
				AfterProcessingInitializeOnLoad (20ms)
				EditorAssembliesLoaded (1ms)
			ExecutionOrderSort2 (0ms)
			AwakeInstancesAfterBackupRestoration (19ms)
Platform modules already initialized, skipping
Refreshing native plugins compatible for Editor in 8.64 ms, found 3 plugins.
Preloading 0 native plugins for Editor in 0.00 ms.
Unloading 3432 Unused Serialized files (Serialized files now loaded: 0)
Unloading 20 unused Assets / (81.3 KB). Loaded Objects now: 3958.
Memory consumption went from 218.1 MB to 218.0 MB.
Total: 7.383300 ms (FindLiveObjects: 0.482700 ms CreateObjectMapping: 0.536100 ms MarkObjects: 6.113900 ms  DeleteObjects: 0.248500 ms)

AssetImportParameters requested are different than current active one (requested -> active):
  custom:video-decoder-ogg-theora: a1e56fd34408186e4bbccfd4996cb3dc -> 
  custom:container-muxer-webm: aa71ff27fc2769a1b78a27578f13a17b -> 
  custom:container-demuxer-webm: 4f35f7cbe854078d1ac9338744f61a02 -> 
  custom:video-encoder-webm-vp8: eb34c28f22e8b96e1ab97ce403110664 -> 
  custom:audio-encoder-webm-vorbis: bf7c407c2cedff20999df2af8eb42d56 -> 
  custom:framework-win-MediaFoundation: 216162199b28c13a410421893ffa2e32 -> 
  custom:container-demuxer-ogg: 62fdf1f143b41e24485cea50d1cbac27 -> 
  custom:video-decoder-webm-vp8: 9c59270c3fd7afecdb556c50c9e8de78 -> 
  custom:audio-decoder-ogg-vorbis: bf7c407c2cedff20999df2af8eb42d56 -> 
========================================================================
Received Import Request.
  Time since last request: 182947.895821 seconds.
  path: Assets/Font/MultiroundPro SDF.asset
  artifactKey: Guid(4dd6a8d39310f134c807a2e8444a92e9) Importer(815301076,1909f56bfc062723c751e8b465ee728b)
Start importing Assets/Font/MultiroundPro SDF.asset using Guid(4dd6a8d39310f134c807a2e8444a92e9) Importer(815301076,1909f56bfc062723c751e8b465ee728b)  -> (artifact id: '86b055ef1cec35c4c6f795afae621671') in 0.321090 seconds 
========================================================================
Received Import Request.
  Time since last request: 83.952824 seconds.
  path: Assets/Font/MultiroundPro SDF.asset
  artifactKey: Guid(4dd6a8d39310f134c807a2e8444a92e9) Importer(815301076,1909f56bfc062723c751e8b465ee728b)
Start importing Assets/Font/MultiroundPro SDF.asset using Guid(4dd6a8d39310f134c807a2e8444a92e9) Importer(815301076,1909f56bfc062723c751e8b465ee728b)  -> (artifact id: '4cb32eeae28ebc76466f81c627228242') in 0.049867 seconds 
========================================================================
Received Import Request.
  Time since last request: 16.756479 seconds.
  path: Assets/Font/MultiroundPro SDF.asset
  artifactKey: Guid(4dd6a8d39310f134c807a2e8444a92e9) Importer(815301076,1909f56bfc062723c751e8b465ee728b)
Start importing Assets/Font/MultiroundPro SDF.asset using Guid(4dd6a8d39310f134c807a2e8444a92e9) Importer(815301076,1909f56bfc062723c751e8b465ee728b)  -> (artifact id: '15c3e58e64b594ed8c2499cdbaaa9120') in 0.035074 seconds 
========================================================================
Received Prepare
Registering precompiled user dll's ...
Registered in 0.010809 seconds.
Begin MonoManager ReloadAssembly
Symbol file LoadedFromMemory doesn't match image C:\Users\Den\SkillBox_Cinemachine_26.5\Library\PackageCache\com.unity.visualscripting@1.7.8\Editor\VisualScripting.Core\Dependencies\YamlDotNet\Unity.VisualScripting.YamlDotNet.dll
Symbol file LoadedFromMemory doesn't match image C:\Users\Den\SkillBox_Cinemachine_26.5\Library\PackageCache\com.unity.visualscripting@1.7.8\Editor\VisualScripting.Core\Dependencies\DotNetZip\Unity.VisualScripting.IonicZip.dll
Native extension for WindowsStandalone target not found
Native extension for Android target not found
Refreshing native plugins compatible for Editor in 3.24 ms, found 3 plugins.
Preloading 0 native plugins for Editor in 0.00 ms.
Mono: successfully reloaded assembly
- Completed reload, in  2.746 seconds
Domain Reload Profiling:
	ReloadAssembly (2748ms)
		BeginReloadAssembly (263ms)
			ExecutionOrderSort (0ms)
			DisableScriptedObjects (10ms)
			BackupInstance (0ms)
			ReleaseScriptingObjects (0ms)
			CreateAndSetChildDomain (75ms)
		EndReloadAssembly (2287ms)
			LoadAssemblies (163ms)
			RebuildTransferFunctionScriptingTraits (0ms)
			SetupTypeCache (729ms)
			ReleaseScriptCaches (3ms)
			RebuildScriptCaches (149ms)
			SetupLoadedEditorAssemblies (1033ms)
				LogAssemblyErrors (0ms)
				InitializePlatformSupportModulesInManaged (65ms)
				SetLoadedEditorAssemblies (1ms)
				RefreshPlugins (3ms)
				BeforeProcessingInitializeOnLoad (187ms)
				ProcessInitializeOnLoadAttributes (611ms)
				ProcessInitializeOnLoadMethodAttributes (132ms)
				AfterProcessingInitializeOnLoad (32ms)
				EditorAssembliesLoaded (1ms)
			ExecutionOrderSort2 (0ms)
			AwakeInstancesAfterBackupRestoration (30ms)
Platform modules already initialized, skipping
Refreshing native plugins compatible for Editor in 5.99 ms, found 3 plugins.
Preloading 0 native plugins for Editor in 0.00 ms.
Unloading 3432 Unused Serialized files (Serialized files now loaded: 0)
Unloading 20 unused Assets / (81.5 KB). Loaded Objects now: 4006.
Memory consumption went from 222.8 MB to 222.7 MB.
Total: 7.794800 ms (FindLiveObjects: 0.768400 ms CreateObjectMapping: 0.614100 ms MarkObjects: 6.136700 ms  DeleteObjects: 0.273200 ms)

AssetImportParameters requested are different than current active one (requested -> active):
  custom:video-decoder-ogg-theora: a1e56fd34408186e4bbccfd4996cb3dc -> 
  custom:container-muxer-webm: aa71ff27fc2769a1b78a27578f13a17b -> 
  custom:container-demuxer-webm: 4f35f7cbe854078d1ac9338744f61a02 -> 
  custom:video-encoder-webm-vp8: eb34c28f22e8b96e1ab97ce403110664 -> 
  custom:audio-encoder-webm-vorbis: bf7c407c2cedff20999df2af8eb42d56 -> 
  custom:framework-win-MediaFoundation: 216162199b28c13a410421893ffa2e32 -> 
  custom:container-demuxer-ogg: 62fdf1f143b41e24485cea50d1cbac27 -> 
  custom:video-decoder-webm-vp8: 9c59270c3fd7afecdb556c50c9e8de78 -> 
  custom:audio-decoder-ogg-vorbis: bf7c407c2cedff20999df2af8eb42d56 -> 
========================================================================
Received Import Request.
  Time since last request: 561.374158 seconds.
  path: Assets/Font/MultiroundPro SDF.asset
  artifactKey: Guid(4dd6a8d39310f134c807a2e8444a92e9) Importer(815301076,1909f56bfc062723c751e8b465ee728b)
Start importing Assets/Font/MultiroundPro SDF.asset using Guid(4dd6a8d39310f134c807a2e8444a92e9) Importer(815301076,1909f56bfc062723c751e8b465ee728b)  -> (artifact id: 'b0949e2fac2b4288137ee10e24b26770') in 0.185662 seconds 
========================================================================
Received Import Request.
  Time since last request: 329.200298 seconds.
  path: Assets/Font/MultiroundPro SDF.asset
  artifactKey: Guid(4dd6a8d39310f134c807a2e8444a92e9) Importer(815301076,1909f56bfc062723c751e8b465ee728b)
Start importing Assets/Font/MultiroundPro SDF.asset using Guid(4dd6a8d39310f134c807a2e8444a92e9) Importer(815301076,1909f56bfc062723c751e8b465ee728b)  -> (artifact id: '6184879e4da76d10f68b142b1e03d5d7') in 0.028471 seconds 
========================================================================
Received Import Request.
  Time since last request: 550.899960 seconds.
  path: Assets/TextMesh Pro/Resources/Fonts & Materials/LiberationSans SDF.asset
  artifactKey: Guid(8f586378b4e144a9851e7b34d9b748ee) Importer(815301076,1909f56bfc062723c751e8b465ee728b)
Start importing Assets/TextMesh Pro/Resources/Fonts & Materials/LiberationSans SDF.asset using Guid(8f586378b4e144a9851e7b34d9b748ee) Importer(815301076,1909f56bfc062723c751e8b465ee728b)  -> (artifact id: '55426b3c282e58d1ac0def5ba73c6514') in 0.084420 seconds 
========================================================================
Received Import Request.
  Time since last request: 230.167774 seconds.
  path: Assets/Font/Roboto-Bold.ttf
  artifactKey: Guid(85fe6de0803d118458cc95a54f544913) Importer(815301076,1909f56bfc062723c751e8b465ee728b)
Start importing Assets/Font/Roboto-Bold.ttf using Guid(85fe6de0803d118458cc95a54f544913) Importer(815301076,1909f56bfc062723c751e8b465ee728b)  -> (artifact id: 'f31f113d783af2187024fd3d03baaa3e') in 0.038730 seconds 
========================================================================
Received Import Request.
  Time since last request: 33.244008 seconds.
  path: Assets/Font/Roboto-Bold SDF.asset
  artifactKey: Guid(2b7dd01764cb7cf4483e4d68c69b4f7e) Importer(815301076,1909f56bfc062723c751e8b465ee728b)
Start importing Assets/Font/Roboto-Bold SDF.asset using Guid(2b7dd01764cb7cf4483e4d68c69b4f7e) Importer(815301076,1909f56bfc062723c751e8b465ee728b)  -> (artifact id: '95df6532a0d81994cd70f18278751ec6') in 0.041296 seconds 
========================================================================
Received Import Request.
  Time since last request: 383.089561 seconds.
  path: Assets/Font/Roboto-Bold SDF.asset
  artifactKey: Guid(2b7dd01764cb7cf4483e4d68c69b4f7e) Importer(815301076,1909f56bfc062723c751e8b465ee728b)
Start importing Assets/Font/Roboto-Bold SDF.asset using Guid(2b7dd01764cb7cf4483e4d68c69b4f7e) Importer(815301076,1909f56bfc062723c751e8b465ee728b)  -> (artifact id: 'a1902730d091f0b2127a5a394eb3cbc5') in 0.038734 seconds 
========================================================================
Received Import Request.
  Time since last request: 89.431356 seconds.
  path: Assets/Font/Roboto-Bold SDF.asset
  artifactKey: Guid(2b7dd01764cb7cf4483e4d68c69b4f7e) Importer(815301076,1909f56bfc062723c751e8b465ee728b)
Start importing Assets/Font/Roboto-Bold SDF.asset using Guid(2b7dd01764cb7cf4483e4d68c69b4f7e) Importer(815301076,1909f56bfc062723c751e8b465ee728b)  -> (artifact id: '3da513c7a6f46e09819214d2965bd9ee') in 0.029405 seconds 
========================================================================
Received Import Request.
  Time since last request: 15.388865 seconds.
  path: Assets/Font/Roboto-Bold SDF.asset
  artifactKey: Guid(2b7dd01764cb7cf4483e4d68c69b4f7e) Importer(815301076,1909f56bfc062723c751e8b465ee728b)
Start importing Assets/Font/Roboto-Bold SDF.asset using Guid(2b7dd01764cb7cf4483e4d68c69b4f7e) Importer(815301076,1909f56bfc062723c751e8b465ee728b)  -> (artifact id: 'e73eff899c1f95aa6829184744ba540c') in 0.031066 seconds 
========================================================================
Received Import Request.
  Time since last request: 73.947959 seconds.
  path: Assets/Font/Roboto-Bold SDF.asset
  artifactKey: Guid(2b7dd01764cb7cf4483e4d68c69b4f7e) Importer(815301076,1909f56bfc062723c751e8b465ee728b)
Start importing Assets/Font/Roboto-Bold SDF.asset using Guid(2b7dd01764cb7cf4483e4d68c69b4f7e) Importer(815301076,1909f56bfc062723c751e8b465ee728b)  -> (artifact id: '27356788473f9326aa30b1e24d4dcaf0') in 0.029992 seconds 
========================================================================
Received Import Request.
  Time since last request: 97.822123 seconds.
  path: Assets/Font/Roboto-Bold SDF.asset
  artifactKey: Guid(2b7dd01764cb7cf4483e4d68c69b4f7e) Importer(815301076,1909f56bfc062723c751e8b465ee728b)
Start importing Assets/Font/Roboto-Bold SDF.asset using Guid(2b7dd01764cb7cf4483e4d68c69b4f7e) Importer(815301076,1909f56bfc062723c751e8b465ee728b)  -> (artifact id: '223e4a46c5b038373118364c4f40421a') in 0.030941 seconds 
========================================================================
Received Import Request.
  Time since last request: 22.154679 seconds.
  path: Assets/Font/Roboto-Bold SDF.asset
  artifactKey: Guid(2b7dd01764cb7cf4483e4d68c69b4f7e) Importer(815301076,1909f56bfc062723c751e8b465ee728b)
Start importing Assets/Font/Roboto-Bold SDF.asset using Guid(2b7dd01764cb7cf4483e4d68c69b4f7e) Importer(815301076,1909f56bfc062723c751e8b465ee728b)  -> (artifact id: 'e21b0fd10f3a84ee7c47b99b7f40acbd') in 0.040918 seconds 
========================================================================
Received Import Request.
  Time since last request: 47.062479 seconds.
  path: Assets/Font/Roboto-Bold SDF.asset
  artifactKey: Guid(2b7dd01764cb7cf4483e4d68c69b4f7e) Importer(815301076,1909f56bfc062723c751e8b465ee728b)
Start importing Assets/Font/Roboto-Bold SDF.asset using Guid(2b7dd01764cb7cf4483e4d68c69b4f7e) Importer(815301076,1909f56bfc062723c751e8b465ee728b)  -> (artifact id: '16e6d62c5405b35a1578eda3bafa0ecb') in 0.029452 seconds 
========================================================================
Received Import Request.
  Time since last request: 22.889550 seconds.
  path: Assets/Font/Roboto-Bold SDF.asset
  artifactKey: Guid(2b7dd01764cb7cf4483e4d68c69b4f7e) Importer(815301076,1909f56bfc062723c751e8b465ee728b)
Start importing Assets/Font/Roboto-Bold SDF.asset using Guid(2b7dd01764cb7cf4483e4d68c69b4f7e) Importer(815301076,1909f56bfc062723c751e8b465ee728b)  -> (artifact id: 'e315c49814dc974bc0dabc58fdc76f80') in 0.029100 seconds 
========================================================================
Received Import Request.
  Time since last request: 38.477142 seconds.
  path: Assets/Font/Roboto-Bold SDF.asset
  artifactKey: Guid(2b7dd01764cb7cf4483e4d68c69b4f7e) Importer(815301076,1909f56bfc062723c751e8b465ee728b)
Start importing Assets/Font/Roboto-Bold SDF.asset using Guid(2b7dd01764cb7cf4483e4d68c69b4f7e) Importer(815301076,1909f56bfc062723c751e8b465ee728b)  -> (artifact id: '0645562b4df4fda16c8052cee62c01d7') in 0.031953 seconds 
========================================================================
Received Import Request.
  Time since last request: 18.139986 seconds.
  path: Assets/Font/Roboto-Bold SDF.asset
  artifactKey: Guid(2b7dd01764cb7cf4483e4d68c69b4f7e) Importer(815301076,1909f56bfc062723c751e8b465ee728b)
Start importing Assets/Font/Roboto-Bold SDF.asset using Guid(2b7dd01764cb7cf4483e4d68c69b4f7e) Importer(815301076,1909f56bfc062723c751e8b465ee728b)  -> (artifact id: '731a93972e140b65f991367ce1b6a32e') in 0.032633 seconds 
========================================================================
Received Import Request.
  Time since last request: 6.993308 seconds.
  path: Assets/Font/Roboto-Bold SDF.asset
  artifactKey: Guid(2b7dd01764cb7cf4483e4d68c69b4f7e) Importer(815301076,1909f56bfc062723c751e8b465ee728b)
Start importing Assets/Font/Roboto-Bold SDF.asset using Guid(2b7dd01764cb7cf4483e4d68c69b4f7e) Importer(815301076,1909f56bfc062723c751e8b465ee728b)  -> (artifact id: '9ffbc1b842a01f400c5c8e3c47e50809') in 0.029174 seconds 
========================================================================
Received Import Request.
  Time since last request: 4.006513 seconds.
  path: Assets/Font/Roboto-Bold SDF.asset
  artifactKey: Guid(2b7dd01764cb7cf4483e4d68c69b4f7e) Importer(815301076,1909f56bfc062723c751e8b465ee728b)
Start importing Assets/Font/Roboto-Bold SDF.asset using Guid(2b7dd01764cb7cf4483e4d68c69b4f7e) Importer(815301076,1909f56bfc062723c751e8b465ee728b)  -> (artifact id: '66afd1fb7a72aac195c5906db64c0bec') in 0.030494 seconds 
========================================================================
Received Import Request.
  Time since last request: 3.723605 seconds.
  path: Assets/Font/Roboto-Bold SDF.asset
  artifactKey: Guid(2b7dd01764cb7cf4483e4d68c69b4f7e) Importer(815301076,1909f56bfc062723c751e8b465ee728b)
Start importing Assets/Font/Roboto-Bold SDF.asset using Guid(2b7dd01764cb7cf4483e4d68c69b4f7e) Importer(815301076,1909f56bfc062723c751e8b465ee728b)  -> (artifact id: '4c457fddaf467086980f3043005858b1') in 0.033182 seconds 
========================================================================
Received Import Request.
  Time since last request: 3.731549 seconds.
  path: Assets/Font/Roboto-Bold SDF.asset
  artifactKey: Guid(2b7dd01764cb7cf4483e4d68c69b4f7e) Importer(815301076,1909f56bfc062723c751e8b465ee728b)
Start importing Assets/Font/Roboto-Bold SDF.asset using Guid(2b7dd01764cb7cf4483e4d68c69b4f7e) Importer(815301076,1909f56bfc062723c751e8b465ee728b)  -> (artifact id: 'c257c7fa3b9a1f0e048ebab123d374ea') in 0.028545 seconds 
========================================================================
Received Import Request.
  Time since last request: 5.382368 seconds.
  path: Assets/Font/Roboto-Bold SDF.asset
  artifactKey: Guid(2b7dd01764cb7cf4483e4d68c69b4f7e) Importer(815301076,1909f56bfc062723c751e8b465ee728b)
Start importing Assets/Font/Roboto-Bold SDF.asset using Guid(2b7dd01764cb7cf4483e4d68c69b4f7e) Importer(815301076,1909f56bfc062723c751e8b465ee728b)  -> (artifact id: '4dafc1b3756096db94b4480a4dfc656e') in 0.027983 seconds 
